<?xml version="1.0" encoding="UTF-8"?>
<!-- Generated by org.testng.reporters.JUnitXMLReporter -->
<testsuite hostname="DESKTOP-NMPT565" ignored="0" name="LoginTest.jsp" tests="1" failures="1" timestamp="2021-08-04T17:56:39 AEST" time="2.028" errors="0">
  <testcase name="logInAsBankManager" time="0.758" classname="testcases.LoginTest">
    <failure type="java.lang.AssertionError" message="log in unsuccessful!!!">
      <![CDATA[java.lang.AssertionError: log in unsuccessful!!!
at testcases.LoginTest.logInAsBankManager(LoginTest.java:21)
at java.util.ArrayList.forEach(ArrayList.java:1259)
... Removed 32 stack frames]]>
    </failure>
  </testcase> <!-- logInAsBankManager -->
</testsuite> <!-- LoginTest.jsp -->
