<?xml version="1.0" encoding="UTF-8"?>
<!-- Generated by org.testng.reporters.JUnitXMLReporter -->
<testsuite hostname="DESKTOP-NMPT565" ignored="0" name="LoginTest" tests="1" failures="1" timestamp="2021-09-20T09:54:26 AEST" time="5.499" errors="0">
  <testcase name="logInAsBankManager" time="4.213" classname="testcases.LoginTest">
    <failure type="java.lang.AssertionError" message="log in unsuccessful!!!">
      <![CDATA[java.lang.AssertionError: log in unsuccessful!!!
at testcases.LoginTest.logInAsBankManager(LoginTest.java:28)
at java.util.ArrayList.forEach(ArrayList.java:1259)
... Removed 28 stack frames]]>
    </failure>
  </testcase> <!-- logInAsBankManager -->
</testsuite> <!-- LoginTest -->
