<?xml version="1.0" encoding="UTF-8"?>
<!-- Generated by org.testng.reporters.JUnitXMLReporter -->
<testsuite hostname="DESKTOP-NMPT565" ignored="0" name="OpenAccountTest" tests="2" failures="0" timestamp="2021-09-20T09:54:29 AEST" time="2.36" errors="0">
  <testcase name="openAccountTest" time="1.997" classname="testcases.OpenAccountTest"/>
  <testcase name="openAccountTest" time="0.003" classname="testcases.OpenAccountTest">
    <skipped/>
  </testcase> <!-- openAccountTest -->
</testsuite> <!-- OpenAccountTest -->
