<?xml version="1.0" encoding="UTF-8"?>
<testsuite xmlns:xsi="http://www.w3.org/2001/XMLSchema-instance" xsi:noNamespaceSchemaLocation="https://maven.apache.org/surefire/maven-surefire-plugin/xsd/surefire-test-report-3.0.xsd" version="3.0" name="TestSuite" time="23.405" tests="2" errors="0" skipped="0" failures="1">
  <properties>
[...]
</properties>
  <testcase name="logInAsBankManager" classname="testcases.LoginTest" time="1.964">
    <failure message="log in unsuccessful!!!" type="java.lang.AssertionError"><![CDATA[java.lang.AssertionError: log in unsuccessful!!!
	at testcases.LoginTest.logInAsBankManager(LoginTest.java:21)
]]></failure>
    <system-out><![CDATA[Assert.fail occured
]]></system-out>
    <system-err><![CDATA[[main] INFO io.github.bonigarcia.wdm.WebDriverManager - Using msedgedriver 92.0.902.62 (resolved driver for Edge 92)
[main] INFO io.github.bonigarcia.wdm.WebDriverManager - Exporting webdriver.edge.driver as C:\Users\zilel\.cache\selenium\msedgedriver\win64\92.0.902.62\msedgedriver.exe
Starting MSEdgeDriver 92.0.902.62 (e0b431c35804391fdedd209e4e727584e80a3fd0) on port 5901
Only local connections are allowed.
Please see https://chromedriver.chromium.org/security-considerations for suggestions on keeping MSEdgeDriver safe.
MSEdgeDriver was started successfully.
Aug 04, 2021 5:56:33 PM org.openqa.selenium.remote.ProtocolHandshake createSession
INFO: Detected dialect: W3C
]]></system-err>
  </testcase>
  <testcase name="addCustomer[John, Depp, SeEllox&amp;12](1)" classname="testcases.AddCustomerTest" time="0.87">
    <system-out><![CDATA[3
]]></system-out>
  </testcase>
</testsuite>