-------------------------------------------------------------------------------
Test set: TestSuite
-------------------------------------------------------------------------------
Tests run: 2, Failures: 1, Errors: 0, Skipped: 0, Time elapsed: 23.405 s <<< FAILURE! - in TestSuite
testcases.LoginTest.logInAsBankManager  Time elapsed: 1.964 s  <<< FAILURE!
java.lang.AssertionError: log in unsuccessful!!!
	at testcases.LoginTest.logInAsBankManager(LoginTest.java:21)

